platforms/android/app/build/outputs/logs/manifest-merger-debug-report.txt
-- Merging decision tree log ---
manifest
ADDED from src/main/AndroidManifest.xml:2:1-14:12
INJECTED from src/main/AndroidManifest.xml:2:1-14:12
INJECTED from src/main/AndroidManifest.xml:2:1-14:12
INJECTED from src/main/AndroidManifest.xml:2:1-14:12
MERGED from [com.otakeys.sdk:otakeys-sdk:3.10.1] AndroidManifest.xml:2:1-50:12
MERGED from [:CordovaLib] AndroidManifest.xml:20:1-27:12
INJECTED from src/main/AndroidManifest.xml:2:1-14:12
INJECTED from src/main/AndroidManifest.xml:2:1-14:12
INJECTED from src/main/AndroidManifest.xml:2:1-14:12
	package
		ADDED from src/main/AndroidManifest.xml:2:102-132
		INJECTED from src/main/AndroidManifest.xml
		INJECTED from src/main/AndroidManifest.xml
	android:versionName
		ADDED from src/main/AndroidManifest.xml:2:74-101
		INJECTED from src/main/AndroidManifest.xml
		INJECTED from src/main/AndroidManifest.xml
	android:hardwareAccelerated
		ADDED from src/main/AndroidManifest.xml:2:11-45
	xmlns:android
		ADDED from src/main/AndroidManifest.xml:2:133-191
	android:versionCode
		ADDED from src/main/AndroidManifest.xml:2:46-73
		INJECTED from src/main/AndroidManifest.xml
		INJECTED from src/main/AndroidManifest.xml
supports-screens
ADDED from src/main/AndroidManifest.xml:3:5-191
	android:largeScreens
		ADDED from src/main/AndroidManifest.xml:3:49-76
	android:smallScreens
		ADDED from src/main/AndroidManifest.xml:3:132-159
	android:normalScreens
		ADDED from src/main/AndroidManifest.xml:3:77-105
	android:xlargeScreens
		ADDED from src/main/AndroidManifest.xml:3:160-188
	android:resizeable
		ADDED from src/main/AndroidManifest.xml:3:106-131
	android:anyDensity
		ADDED from src/main/AndroidManifest.xml:3:23-48
uses-permission#android.permission.INTERNET
ADDED from src/main/AndroidManifest.xml:4:5-67
MERGED from [com.otakeys.sdk:otakeys-sdk:3.10.1] AndroidManifest.xml:12:5-67
MERGED from [com.otakeys.sdk:otakeys-sdk:3.10.1] AndroidManifest.xml:12:5-67
	android:name
		ADDED from src/main/AndroidManifest.xml:4:22-64
application
ADDED from src/main/AndroidManifest.xml:5:5-12:19
MERGED from [com.otakeys.sdk:otakeys-sdk:3.10.1] AndroidManifest.xml:20:5-48:19
MERGED from [com.otakeys.sdk:otakeys-sdk:3.10.1] AndroidManifest.xml:20:5-48:19
	android:supportsRtl
		ADDED from src/main/AndroidManifest.xml:5:114-140
	android:label
		ADDED from src/main/AndroidManifest.xml:5:81-113
	android:hardwareAccelerated
		ADDED from src/main/AndroidManifest.xml:5:18-52
	android:icon
		ADDED from src/main/AndroidManifest.xml:5:53-80
activity#com.example.helloapp.MainActivity
ADDED from src/main/AndroidManifest.xml:6:9-11:20
	android:label
		ADDED from src/main/AndroidManifest.xml:6:97-134
	android:launchMode
		ADDED from src/main/AndroidManifest.xml:6:135-165
	android:windowSoftInputMode
		ADDED from src/main/AndroidManifest.xml:6:257-299
	android:configChanges
		ADDED from src/main/AndroidManifest.xml:6:19-96
	android:theme
		ADDED from src/main/AndroidManifest.xml:6:194-256
	android:name
		ADDED from src/main/AndroidManifest.xml:6:166-193
intent-filter#android.intent.action.MAIN+android.intent.category.LAUNCHER
ADDED from src/main/AndroidManifest.xml:7:13-10:29
	android:label
		ADDED from src/main/AndroidManifest.xml:7:28-65
action#android.intent.action.MAIN
ADDED from src/main/AndroidManifest.xml:8:17-69
	android:name
		ADDED from src/main/AndroidManifest.xml:8:25-66
category#android.intent.category.LAUNCHER
ADDED from src/main/AndroidManifest.xml:9:17-77
	android:name
		ADDED from src/main/AndroidManifest.xml:9:27-74
uses-sdk
ADDED from src/main/AndroidManifest.xml:13:5-74
INJECTED from src/main/AndroidManifest.xml:13:5-74
MERGED from [com.otakeys.sdk:otakeys-sdk:3.10.1] AndroidManifest.xml:7:5-9:41
MERGED from [com.otakeys.sdk:otakeys-sdk:3.10.1] AndroidManifest.xml:7:5-9:41
MERGED from [:CordovaLib] AndroidManifest.xml:25:5-44
MERGED from [:CordovaLib] AndroidManifest.xml:25:5-44
INJECTED from src/main/AndroidManifest.xml:13:5-74
	android:targetSdkVersion
		ADDED from src/main/AndroidManifest.xml:13:42-71
	android:minSdkVersion
		ADDED from src/main/AndroidManifest.xml:13:15-41
		INJECTED from src/main/AndroidManifest.xml
		INJECTED from src/main/AndroidManifest.xml
uses-permission#android.permission.ACCESS_NETWORK_STATE
ADDED from [com.otakeys.sdk:otakeys-sdk:3.10.1] AndroidManifest.xml:13:5-79
	android:name
		ADDED from [com.otakeys.sdk:otakeys-sdk:3.10.1] AndroidManifest.xml:13:22-76
uses-permission#android.permission.BLUETOOTH
ADDED from [com.otakeys.sdk:otakeys-sdk:3.10.1] AndroidManifest.xml:15:5-68
	android:name
		ADDED from [com.otakeys.sdk:otakeys-sdk:3.10.1] AndroidManifest.xml:15:22-65
uses-permission#android.permission.BLUETOOTH_ADMIN
ADDED from [com.otakeys.sdk:otakeys-sdk:3.10.1] AndroidManifest.xml:16:5-74
	android:name
		ADDED from [com.otakeys.sdk:otakeys-sdk:3.10.1] AndroidManifest.xml:16:22-71
uses-permission#android.permission.NFC
ADDED from [com.otakeys.sdk:otakeys-sdk:3.10.1] AndroidManifest.xml:18:5-62
	android:name
		ADDED from [com.otakeys.sdk:otakeys-sdk:3.10.1] AndroidManifest.xml:18:22-59
meta-data#AA_DB_NAME
ADDED from [com.otakeys.sdk:otakeys-sdk:3.10.1] AndroidManifest.xml:21:9-23:42
	android:value
		ADDED from [com.otakeys.sdk:otakeys-sdk:3.10.1] AndroidManifest.xml:23:13-39
	android:name
		ADDED from [com.otakeys.sdk:otakeys-sdk:3.10.1] AndroidManifest.xml:22:13-38
meta-data#AA_DB_VERSION
ADDED from [com.otakeys.sdk:otakeys-sdk:3.10.1] AndroidManifest.xml:24:9-26:34
	android:value
		ADDED from [com.otakeys.sdk:otakeys-sdk:3.10.1] AndroidManifest.xml:26:13-31
	android:name
		ADDED from [com.otakeys.sdk:otakeys-sdk:3.10.1] AndroidManifest.xml:25:13-41
meta-data#AA_MODELS
ADDED from [com.otakeys.sdk:otakeys-sdk:3.10.1] AndroidManifest.xml:27:9-29:257
	android:value
		ADDED from [com.otakeys.sdk:otakeys-sdk:3.10.1] AndroidManifest.xml:29:13-254
	android:name
		ADDED from [com.otakeys.sdk:otakeys-sdk:3.10.1] AndroidManifest.xml:28:13-37
service#com.otakeys.sdk.service.OtaKeysService
ADDED from [com.otakeys.sdk:otakeys-sdk:3.10.1] AndroidManifest.xml:31:9-34:40
	android:enabled
		ADDED from [com.otakeys.sdk:otakeys-sdk:3.10.1] AndroidManifest.xml:33:13-35
	android:exported
		ADDED from [com.otakeys.sdk:otakeys-sdk:3.10.1] AndroidManifest.xml:34:13-37
	android:name
		ADDED from [com.otakeys.sdk:otakeys-sdk:3.10.1] AndroidManifest.xml:32:13-66
service#com.otakeys.sdk.nfc.service.NfcHceService
ADDED from [com.otakeys.sdk:otakeys-sdk:3.10.1] AndroidManifest.xml:35:9-47:19
	android:exported
		ADDED from [com.otakeys.sdk:otakeys-sdk:3.10.1] AndroidManifest.xml:37:13-36
	android:permission
		ADDED from [com.otakeys.sdk:otakeys-sdk:3.10.1] AndroidManifest.xml:38:13-69
	android:requireDeviceUnlock
		ADDED from [com.otakeys.sdk:otakeys-sdk:3.10.1] AndroidManifest.xml:39:13-47
	android:name
		ADDED from [com.otakeys.sdk:otakeys-sdk:3.10.1] AndroidManifest.xml:36:13-69
intent-filter#android.nfc.cardemulation.action.HOST_APDU_SERVICE
ADDED from [com.otakeys.sdk:otakeys-sdk:3.10.1] AndroidManifest.xml:40:13-42:29
action#android.nfc.cardemulation.action.HOST_APDU_SERVICE
ADDED from [com.otakeys.sdk:otakeys-sdk:3.10.1] AndroidManifest.xml:41:17-93
	android:name
		ADDED from [com.otakeys.sdk:otakeys-sdk:3.10.1] AndroidManifest.xml:41:25-90
meta-data#android.nfc.cardemulation.host_apdu_service
ADDED from [com.otakeys.sdk:otakeys-sdk:3.10.1] AndroidManifest.xml:44:13-46:56
	android:resource
		ADDED from [com.otakeys.sdk:otakeys-sdk:3.10.1] AndroidManifest.xml:46:17-53
	android:name
		ADDED from [com.otakeys.sdk:otakeys-sdk:3.10.1] AndroidManifest.xml:45:17-75